Jan 10, 2024 6:12:56 PM org.apache.catalina.startup.VersionLoggerListener log
INFO: Server version name:   Apache Tomcat/9.0.84
Jan 10, 2024 6:12:56 PM org.apache.catalina.startup.VersionLoggerListener log
INFO: Server built:          Dec 7 2023 19:27:40 UTC
Jan 10, 2024 6:12:56 PM org.apache.catalina.startup.VersionLoggerListener log
INFO: Server version number: 9.0.84.0
Jan 10, 2024 6:12:56 PM org.apache.catalina.startup.VersionLoggerListener log
INFO: OS Name:               Windows 10
Jan 10, 2024 6:12:56 PM org.apache.catalina.startup.VersionLoggerListener log
INFO: OS Version:            10.0
Jan 10, 2024 6:12:56 PM org.apache.catalina.startup.VersionLoggerListener log
INFO: Architecture:          amd64
Jan 10, 2024 6:12:56 PM org.apache.catalina.startup.VersionLoggerListener log
INFO: Java Home:             c:\program files\java\graalvm-jdk-17_windows-x64_bin\graalvm-jdk-17.0.9+11.1
Jan 10, 2024 6:12:56 PM org.apache.catalina.startup.VersionLoggerListener log
INFO: JVM Version:           17.0.9+11-LTS-jvmci-23.0-b21
Jan 10, 2024 6:12:56 PM org.apache.catalina.startup.VersionLoggerListener log
INFO: JVM Vendor:            Oracle Corporation
Jan 10, 2024 6:12:56 PM org.apache.catalina.startup.VersionLoggerListener log
INFO: CATALINA_BASE:         C:\Program Files\Collaborator ServerGraalVM-JAVA21-14500\tomcat
Jan 10, 2024 6:12:56 PM org.apache.catalina.startup.VersionLoggerListener log
INFO: CATALINA_HOME:         C:\Program Files\Collaborator ServerGraalVM-JAVA21-14500\tomcat
Jan 10, 2024 6:12:56 PM org.apache.catalina.startup.VersionLoggerListener log
INFO: Command line argument: -XX:ThreadPriorityPolicy=1
Jan 10, 2024 6:12:56 PM org.apache.catalina.startup.VersionLoggerListener log
INFO: Command line argument: -XX:+UnlockExperimentalVMOptions
Jan 10, 2024 6:12:56 PM org.apache.catalina.startup.VersionLoggerListener log
INFO: Command line argument: -XX:+EnableJVMCIProduct
Jan 10, 2024 6:12:56 PM org.apache.catalina.startup.VersionLoggerListener log
INFO: Command line argument: -XX:-UnlockExperimentalVMOptions
Jan 10, 2024 6:12:56 PM org.apache.catalina.startup.VersionLoggerListener log
INFO: Command line argument: -Dexe4j.semaphoreName=Local\c:_program_files_collaborator_servergraalvm-java21-14500_ccollab-server.exe
Jan 10, 2024 6:12:56 PM org.apache.catalina.startup.VersionLoggerListener log
INFO: Command line argument: -Dexe4j.isInstall4j=true
Jan 10, 2024 6:12:56 PM org.apache.catalina.startup.VersionLoggerListener log
INFO: Command line argument: -Dexe4j.isService=true
Jan 10, 2024 6:12:56 PM org.apache.catalina.startup.VersionLoggerListener log
INFO: Command line argument: -Dexe4j.moduleName=C:\Program Files\Collaborator ServerGraalVM-JAVA21-14500\ccollab-server.exe
Jan 10, 2024 6:12:56 PM org.apache.catalina.startup.VersionLoggerListener log
INFO: Command line argument: -Dexe4j.tempDir=
Jan 10, 2024 6:12:56 PM org.apache.catalina.startup.VersionLoggerListener log
INFO: Command line argument: -Dexe4j.unextractedPosition=0
Jan 10, 2024 6:12:56 PM org.apache.catalina.startup.VersionLoggerListener log
INFO: Command line argument: -Djava.library.path=c:\program files\java\graalvm-jdk-17_windows-x64_bin\graalvm-jdk-17.0.9+11.1\bin;C:\Program Files\Amazon Corretto\jdk11.0.19_7\bin;C:\Program Files\Java\jdk-11.0.17\bin;C:\Program Files\Java\jdk-17\bin;C:\Program Files\Java\jre1.8.0_172\bin;C:\Program Files\Java\jdk-19\bin;C:\Program Files\Java\jdk-20\bin;C:\Program Files\Common Files\Oracle\Java\javapath;C:\WINDOWS\system32;C:\WINDOWS;C:\WINDOWS\System32\Wbem;C:\WINDOWS\System32\WindowsPowerShell\v1.0\;C:\WINDOWS\System32\OpenSSH\;C:\Program Files\dotnet\;C:\Program Files\PuTTY\;C:\Program Files\Git\cmd;C:\Program Files\Collaborator Client;C:\Program Files (x86)\Microsoft SQL Server\150\Tools\Binn\;C:\Program Files\Microsoft SQL Server\150\Tools\Binn\;C:\Program Files (x86)\Microsoft SQL Server\150\DTS\Binn\;C:\Program Files\Microsoft SQL Server\150\DTS\Binn\;C:\Program Files\Microsoft SQL Server\Client SDK\ODBC\170\Tools\Binn\;C:\Program Files (x86)\Microsoft SQL Server\160\DTS\Binn\;C:\Program Files\Azure Data Studio\bin;C:\Program Files\VisualSVN Server\bin;C:\Program Files\TortoiseSVN\bin;C:\Program Files\Collaborator Client14401-Cygwin;;C:\Program Files\Docker\Docker\resources\bin;C:\WINDOWS\system32\config\systemprofile\AppData\Local\Microsoft\WindowsApps
Jan 10, 2024 6:12:56 PM org.apache.catalina.startup.VersionLoggerListener log
INFO: Command line argument: -Dexe4j.consoleCodepage=cp0
Jan 10, 2024 6:12:56 PM org.apache.catalina.startup.VersionLoggerListener log
INFO: Command line argument: -server
Jan 10, 2024 6:12:56 PM org.apache.catalina.startup.VersionLoggerListener log
INFO: Command line argument: -Dinstall4j.launcherId=2
Jan 10, 2024 6:12:56 PM org.apache.catalina.startup.VersionLoggerListener log
INFO: Command line argument: -Dinstall4j.swt=false
Jan 10, 2024 6:12:56 PM org.apache.catalina.startup.VersionLoggerListener log
INFO: Command line argument: -Xms2816M
Jan 10, 2024 6:12:56 PM org.apache.catalina.startup.VersionLoggerListener log
INFO: Command line argument: -Xmx25728M
Jan 10, 2024 6:12:56 PM org.apache.catalina.startup.VersionLoggerListener log
INFO: Command line argument: -Djava.awt.headless=true
Jan 10, 2024 6:12:56 PM org.apache.catalina.startup.VersionLoggerListener log
INFO: Command line argument: -Dorg.apache.catalina.loader.WebappClassLoader.ENABLE_CLEAR_REFERENCES=false
Jan 10, 2024 6:12:56 PM org.apache.catalina.startup.VersionLoggerListener log
INFO: Command line argument: -Dmail.mime.foldtext=false
Jan 10, 2024 6:12:56 PM org.apache.catalina.startup.VersionLoggerListener log
INFO: Command line argument: -Dcom.smartbear.collab.enable_statistics=true
Jan 10, 2024 6:12:56 PM org.apache.catalina.startup.VersionLoggerListener log
INFO: Command line argument: -Xrs
Jan 10, 2024 6:12:56 PM org.apache.catalina.core.AprLifecycleListener lifecycleEvent
INFO: The Apache Tomcat Native library which allows using OpenSSL was not found on the java.library.path: [c:\program files\java\graalvm-jdk-17_windows-x64_bin\graalvm-jdk-17.0.9+11.1\bin;C:\Program Files\Amazon Corretto\jdk11.0.19_7\bin;C:\Program Files\Java\jdk-11.0.17\bin;C:\Program Files\Java\jdk-17\bin;C:\Program Files\Java\jre1.8.0_172\bin;C:\Program Files\Java\jdk-19\bin;C:\Program Files\Java\jdk-20\bin;C:\Program Files\Common Files\Oracle\Java\javapath;C:\WINDOWS\system32;C:\WINDOWS;C:\WINDOWS\System32\Wbem;C:\WINDOWS\System32\WindowsPowerShell\v1.0\;C:\WINDOWS\System32\OpenSSH\;C:\Program Files\dotnet\;C:\Program Files\PuTTY\;C:\Program Files\Git\cmd;C:\Program Files\Collaborator Client;C:\Program Files (x86)\Microsoft SQL Server\150\Tools\Binn\;C:\Program Files\Microsoft SQL Server\150\Tools\Binn\;C:\Program Files (x86)\Microsoft SQL Server\150\DTS\Binn\;C:\Program Files\Microsoft SQL Server\150\DTS\Binn\;C:\Program Files\Microsoft SQL Server\Client SDK\ODBC\170\Tools\Binn\;C:\Program Files (x86)\Microsoft SQL Server\160\DTS\Binn\;C:\Program Files\Azure Data Studio\bin;C:\Program Files\VisualSVN Server\bin;C:\Program Files\TortoiseSVN\bin;C:\Program Files\Collaborator Client14401-Cygwin;;C:\Program Files\Docker\Docker\resources\bin;C:\WINDOWS\system32\config\systemprofile\AppData\Local\Microsoft\WindowsApps]
Jan 10, 2024 6:12:56 PM org.apache.coyote.AbstractProtocol init
INFO: Initializing ProtocolHandler ["http-nio-14500"]
Jan 10, 2024 6:12:56 PM org.apache.catalina.startup.Catalina load
INFO: Server initialization in [509] milliseconds
Jan 10, 2024 6:12:56 PM org.apache.catalina.core.StandardService startInternal
INFO: Starting service [Catalina]
Jan 10, 2024 6:12:56 PM org.apache.catalina.core.StandardEngine startInternal
INFO: Starting Servlet engine: [Apache Tomcat/9.0.84]
Jan 10, 2024 6:12:56 PM org.apache.catalina.startup.HostConfig deployDescriptor
INFO: Deploying deployment descriptor [C:\Program Files\Collaborator ServerGraalVM-JAVA21-14500\tomcat\conf\Catalina\localhost\ROOT.xml]
Jan 10, 2024 6:15:08 PM org.apache.catalina.startup.HostConfig deployDescriptor
SEVERE: Error deploying deployment descriptor [C:\Program Files\Collaborator ServerGraalVM-JAVA21-14500\tomcat\conf\Catalina\localhost\ROOT.xml]
java.lang.IllegalStateException: Error starting child
	at org.apache.catalina.core.ContainerBase.addChildInternal(ContainerBase.java:686)
	at org.apache.catalina.core.ContainerBase.addChild(ContainerBase.java:658)
	at org.apache.catalina.core.StandardHost.addChild(StandardHost.java:661)
	at org.apache.catalina.startup.HostConfig.deployDescriptor(HostConfig.java:691)
	at org.apache.catalina.startup.HostConfig$DeployDescriptor.run(HostConfig.java:1897)
	at java.base/java.util.concurrent.Executors$RunnableAdapter.call(Executors.java:539)
	at java.base/java.util.concurrent.FutureTask.run(FutureTask.java:264)
	at org.apache.tomcat.util.threads.InlineExecutorService.execute(InlineExecutorService.java:75)
	at java.base/java.util.concurrent.AbstractExecutorService.submit(AbstractExecutorService.java:123)
	at org.apache.catalina.startup.HostConfig.deployDescriptors(HostConfig.java:584)
	at org.apache.catalina.startup.HostConfig.deployApps(HostConfig.java:474)
	at org.apache.catalina.startup.HostConfig.start(HostConfig.java:1619)
	at org.apache.catalina.startup.HostConfig.lifecycleEvent(HostConfig.java:318)
	at org.apache.catalina.util.LifecycleBase.fireLifecycleEvent(LifecycleBase.java:114)
	at org.apache.catalina.util.LifecycleBase.setStateInternal(LifecycleBase.java:402)
	at org.apache.catalina.util.LifecycleBase.setState(LifecycleBase.java:345)
	at org.apache.catalina.core.ContainerBase.startInternal(ContainerBase.java:893)
	at org.apache.catalina.core.StandardHost.startInternal(StandardHost.java:794)
	at org.apache.catalina.util.LifecycleBase.start(LifecycleBase.java:171)
	at org.apache.catalina.core.ContainerBase$StartChild.call(ContainerBase.java:1332)
	at org.apache.catalina.core.ContainerBase$StartChild.call(ContainerBase.java:1322)
	at java.base/java.util.concurrent.FutureTask.run(FutureTask.java:264)
	at org.apache.tomcat.util.threads.InlineExecutorService.execute(InlineExecutorService.java:75)
	at java.base/java.util.concurrent.AbstractExecutorService.submit(AbstractExecutorService.java:145)
	at org.apache.catalina.core.ContainerBase.startInternal(ContainerBase.java:866)
	at org.apache.catalina.core.StandardEngine.startInternal(StandardEngine.java:248)
	at org.apache.catalina.util.LifecycleBase.start(LifecycleBase.java:171)
	at org.apache.catalina.core.StandardService.startInternal(StandardService.java:433)
	at org.apache.catalina.util.LifecycleBase.start(LifecycleBase.java:171)
	at org.apache.catalina.core.StandardServer.startInternal(StandardServer.java:921)
	at org.apache.catalina.util.LifecycleBase.start(LifecycleBase.java:171)
	at org.apache.catalina.startup.Catalina.start(Catalina.java:772)
	at java.base/jdk.internal.reflect.NativeMethodAccessorImpl.invoke0(Native Method)
	at java.base/jdk.internal.reflect.NativeMethodAccessorImpl.invoke(NativeMethodAccessorImpl.java:77)
	at java.base/jdk.internal.reflect.DelegatingMethodAccessorImpl.invoke(DelegatingMethodAccessorImpl.java:43)
	at java.base/java.lang.reflect.Method.invoke(Method.java:568)
	at org.apache.catalina.startup.Bootstrap.start(Bootstrap.java:347)
	at org.apache.catalina.startup.Bootstrap.main(Bootstrap.java:478)
	at java.base/jdk.internal.reflect.NativeMethodAccessorImpl.invoke0(Native Method)
	at java.base/jdk.internal.reflect.NativeMethodAccessorImpl.invoke(NativeMethodAccessorImpl.java:77)
	at java.base/jdk.internal.reflect.DelegatingMethodAccessorImpl.invoke(DelegatingMethodAccessorImpl.java:43)
	at java.base/java.lang.reflect.Method.invoke(Method.java:568)
	at com.exe4j.runtime.LauncherEngine.launch(LauncherEngine.java:85)
	at com.exe4j.runtime.WinLauncher$2.run(WinLauncher.java:90)
Caused by: org.apache.catalina.LifecycleException: Failed to start component [StandardEngine[Catalina].StandardHost[localhost].StandardContext[]]
	at org.apache.catalina.util.LifecycleBase.handleSubClassException(LifecycleBase.java:419)
	at org.apache.catalina.util.LifecycleBase.start(LifecycleBase.java:186)
	at org.apache.catalina.core.ContainerBase.addChildInternal(ContainerBase.java:683)
	... 43 more
Caused by: org.jboss.weld.exceptions.WeldException: WELD-001524: Unable to load proxy class for bean Implicit Bean [javax.enterprise.event.Event] with qualifiers [@Default] with class interface javax.enterprise.event.Event using classloader ParallelWebappClassLoader
  context: ROOT
  delegate: false
----------> Parent Classloader:
java.net.URLClassLoader@6ccc004f

	at org.jboss.weld.bean.proxy.ProxyFactory.getProxyClass(ProxyFactory.java:388)
	at org.jboss.weld.bean.builtin.AbstractFacadeBean.initializeAfterBeanDiscovery(AbstractFacadeBean.java:61)
	at org.jboss.weld.bootstrap.ConcurrentBeanDeployer$AfterBeanDiscoveryInitializerFactory.doWork(ConcurrentBeanDeployer.java:132)
	at org.jboss.weld.bootstrap.ConcurrentBeanDeployer$AfterBeanDiscoveryInitializerFactory.doWork(ConcurrentBeanDeployer.java:123)
	at org.jboss.weld.executor.IterativeWorkerTaskFactory$1.call(IterativeWorkerTaskFactory.java:62)
	at org.jboss.weld.executor.IterativeWorkerTaskFactory$1.call(IterativeWorkerTaskFactory.java:55)
	at java.base/java.util.concurrent.FutureTask.run(FutureTask.java:264)
	at java.base/java.util.concurrent.ThreadPoolExecutor.runWorker(ThreadPoolExecutor.java:1136)
	at java.base/java.util.concurrent.ThreadPoolExecutor$Worker.run(ThreadPoolExecutor.java:635)
	at java.base/java.lang.Thread.run(Thread.java:842)
Caused by: java.lang.ExceptionInInitializerError
	at java.base/jdk.internal.reflect.NativeConstructorAccessorImpl.newInstance0(Native Method)
	at java.base/jdk.internal.reflect.NativeConstructorAccessorImpl.newInstance(NativeConstructorAccessorImpl.java:77)
	at java.base/jdk.internal.reflect.DelegatingConstructorAccessorImpl.newInstance(DelegatingConstructorAccessorImpl.java:45)
	at java.base/java.lang.reflect.Constructor.newInstanceWithCaller(Constructor.java:499)
	at java.base/java.lang.reflect.Constructor.newInstance(Constructor.java:480)
	at org.jboss.weld.bean.proxy.ProxyFactory.newClassFile(ProxyFactory.java:507)
	at org.jboss.weld.bean.proxy.ProxyFactory.createProxyClass(ProxyFactory.java:464)
	at org.jboss.weld.bean.proxy.ProxyFactory.getProxyClass(ProxyFactory.java:380)
	... 9 more
Caused by: java.lang.reflect.InaccessibleObjectException: Unable to make protected final java.lang.Class java.lang.ClassLoader.defineClass(java.lang.String,byte[],int,int) throws java.lang.ClassFormatError accessible: module java.base does not "opens java.lang" to unnamed module @6e7ec5e9
	at java.base/java.lang.reflect.AccessibleObject.checkCanSetAccessible(AccessibleObject.java:354)
	at java.base/java.lang.reflect.AccessibleObject.checkCanSetAccessible(AccessibleObject.java:297)
	at java.base/java.lang.reflect.Method.checkCanSetAccessible(Method.java:199)
	at java.base/java.lang.reflect.Method.setAccessible(Method.java:193)
	at org.jboss.classfilewriter.ClassFile$1.run(ClassFile.java:256)
	at java.base/java.security.AccessController.doPrivileged(AccessController.java:569)
	at org.jboss.classfilewriter.ClassFile.<clinit>(ClassFile.java:251)
	... 17 more

